Start testing: Apr 24 17:24 CEST
----------------------------------------------------------
1/4 Testing: b_tree_tests
1/4 Test: b_tree_tests
Command: "/home/study/coursework/dbms/build/tests/bin/dbms_tests"
Directory: /home/study/coursework/dbms/build
"b_tree_tests" start time: Apr 24 17:24 CEST
Output:
----------------------------------------------------------
[==========] Running 6 tests from 2 test suites.
[----------] Global test environment set-up.
[----------] 5 tests from bTreeDiskIndexPositiveTests
[ RUN      ] bTreeDiskIndexPositiveTests.test0
[       OK ] bTreeDiskIndexPositiveTests.test0 (0 ms)
[ RUN      ] bTreeDiskIndexPositiveTests.test1
[       OK ] bTreeDiskIndexPositiveTests.test1 (3 ms)
[ RUN      ] bTreeDiskIndexPositiveTests.test2
[       OK ] bTreeDiskIndexPositiveTests.test2 (3 ms)
[ RUN      ] bTreeDiskIndexPositiveTests.test3
[       OK ] bTreeDiskIndexPositiveTests.test3 (1 ms)
[ RUN      ] bTreeDiskIndexPositiveTests.test4
[       OK ] bTreeDiskIndexPositiveTests.test4 (0 ms)
[----------] 5 tests from bTreeDiskIndexPositiveTests (10 ms total)

[----------] 1 test from bTreeDiskIndexNegativeTests
[ RUN      ] bTreeDiskIndexNegativeTests.test1
[       OK ] bTreeDiskIndexNegativeTests.test1 (0 ms)
[----------] 1 test from bTreeDiskIndexNegativeTests (0 ms total)

[----------] Global test environment tear-down
[==========] 6 tests from 2 test suites ran. (10 ms total)
[  PASSED  ] 6 tests.
<end of output>
Test time =   0.01 sec
----------------------------------------------------------
Test Passed.
"b_tree_tests" end time: Apr 24 17:24 CEST
"b_tree_tests" time elapsed: 00:00:00
----------------------------------------------------------

2/4 Testing: sql_lexer_tests
2/4 Test: sql_lexer_tests
Command: "/home/study/coursework/dbms/build/tests/bin/dbms_sql_tests"
Directory: /home/study/coursework/dbms/build
"sql_lexer_tests" start time: Apr 24 17:24 CEST
Output:
----------------------------------------------------------
[==========] Running 42 tests from 3 test suites.
[----------] Global test environment set-up.
[----------] 9 tests from lexerTests
[ RUN      ] lexerTests.createTable
[       OK ] lexerTests.createTable (0 ms)
[ RUN      ] lexerTests.stringLiteral
[       OK ] lexerTests.stringLiteral (0 ms)
[ RUN      ] lexerTests.singleQuotedStringRejected
[       OK ] lexerTests.singleQuotedStringRejected (0 ms)
[ RUN      ] lexerTests.mixedCaseKeywordRejected
[       OK ] lexerTests.mixedCaseKeywordRejected (0 ms)
[ RUN      ] lexerTests.mixedCaseIdentifierAllowed
[       OK ] lexerTests.mixedCaseIdentifierAllowed (0 ms)
[ RUN      ] lexerTests.insert
[       OK ] lexerTests.insert (0 ms)
[ RUN      ] lexerTests.selectKeywords
[       OK ] lexerTests.selectKeywords (0 ms)
[ RUN      ] lexerTests.deleteKeywords
[       OK ] lexerTests.deleteKeywords (0 ms)
[ RUN      ] lexerTests.comparisonOperators
[       OK ] lexerTests.comparisonOperators (0 ms)
[----------] 9 tests from lexerTests (0 ms total)

[----------] 9 tests from parserTests
[ RUN      ] parserTests.createTable
[       OK ] parserTests.createTable (0 ms)
[ RUN      ] parserTests.dropTable
[       OK ] parserTests.dropTable (0 ms)
[ RUN      ] parserTests.stringLiteralCannotBeEntityName
[       OK ] parserTests.stringLiteralCannotBeEntityName (0 ms)
[ RUN      ] parserTests.insert
[       OK ] parserTests.insert (0 ms)
[ RUN      ] parserTests.selectStar
[       OK ] parserTests.selectStar (0 ms)
[ RUN      ] parserTests.selectWithAliasAndWhereComparison
[       OK ] parserTests.selectWithAliasAndWhereComparison (0 ms)
[ RUN      ] parserTests.updateWithSetAndWhereComparison
[       OK ] parserTests.updateWithSetAndWhereComparison (0 ms)
[ RUN      ] parserTests.deleteWithWhereComparison
[       OK ] parserTests.deleteWithWhereComparison (0 ms)
[ RUN      ] parserTests.deleteWithoutWhere
[       OK ] parserTests.deleteWithoutWhere (0 ms)
[----------] 9 tests from parserTests (0 ms total)

[----------] 24 tests from executorTests
[ RUN      ] executorTests.createDropUse
[       OK ] executorTests.createDropUse (0 ms)
[ RUN      ] executorTests.duplicateDatabase
[       OK ] executorTests.duplicateDatabase (0 ms)
[ RUN      ] executorTests.createDropTable
[       OK ] executorTests.createDropTable (0 ms)
[ RUN      ] executorTests.createTableWithoutDb
[       OK ] executorTests.createTableWithoutDb (0 ms)
[ RUN      ] executorTests.invalidColumnType
[       OK ] executorTests.invalidColumnType (0 ms)
[ RUN      ] executorTests.insertWithIndexedAndNotNull
[       OK ] executorTests.insertWithIndexedAndNotNull (0 ms)
[ RUN      ] executorTests.insertWithStringIndexed
[       OK ] executorTests.insertWithStringIndexed (0 ms)
[ RUN      ] executorTests.selectStarWithWhereBuildsJson
[       OK ] executorTests.selectStarWithWhereBuildsJson (1 ms)
[ RUN      ] executorTests.selectProjectionAliasBuildsJson
[       OK ] executorTests.selectProjectionAliasBuildsJson (1 ms)
[ RUN      ] executorTests.selectIndexedIntEqualityAndRange
[       OK ] executorTests.selectIndexedIntEqualityAndRange (1 ms)
[ RUN      ] executorTests.selectIndexedIntWithLiteralOnLeft
[       OK ] executorTests.selectIndexedIntWithLiteralOnLeft (1 ms)
[ RUN      ] executorTests.selectFailsForUnknownProjectionColumn
[       OK ] executorTests.selectFailsForUnknownProjectionColumn (0 ms)
[ RUN      ] executorTests.updateWithWhereChangesRow
[       OK ] executorTests.updateWithWhereChangesRow (1 ms)
[ RUN      ] executorTests.updateIndexedKeyUpdatesIndexLookup
[       OK ] executorTests.updateIndexedKeyUpdatesIndexLookup (1 ms)
[ RUN      ] executorTests.updateIndexedKeyDuplicateFails
[       OK ] executorTests.updateIndexedKeyDuplicateFails (1 ms)
[ RUN      ] executorTests.updateNotNullToNullFails
[       OK ] executorTests.updateNotNullToNullFails (0 ms)
[ RUN      ] executorTests.updateWithoutWhereUpdatesAllRows
[       OK ] executorTests.updateWithoutWhereUpdatesAllRows (1 ms)
[ RUN      ] executorTests.updateIndexedKeyStressSequenceKeepsIndexConsistent
[       OK ] executorTests.updateIndexedKeyStressSequenceKeepsIndexConsistent (12 ms)
[ RUN      ] executorTests.deleteWithWhereRemovesRow
[       OK ] executorTests.deleteWithWhereRemovesRow (1 ms)
[ RUN      ] executorTests.deleteIndexedKeyRemovesFromIndex
[       OK ] executorTests.deleteIndexedKeyRemovesFromIndex (1 ms)
[ RUN      ] executorTests.deleteUnknownTableFails
[       OK ] executorTests.deleteUnknownTableFails (0 ms)
[ RUN      ] executorTests.deleteWithoutWhereRemovesAllRows
[       OK ] executorTests.deleteWithoutWhereRemovesAllRows (1 ms)
[ RUN      ] executorTests.deleteWhereNoMatchesDoesNothing
[       OK ] executorTests.deleteWhereNoMatchesDoesNothing (1 ms)
[ RUN      ] executorTests.deleteWithoutWhereClearsAllIndexedKeys
[       OK ] executorTests.deleteWithoutWhereClearsAllIndexedKeys (1 ms)
[----------] 24 tests from executorTests (32 ms total)

[----------] Global test environment tear-down
[==========] 42 tests from 3 test suites ran. (33 ms total)
[  PASSED  ] 42 tests.
<end of output>
Test time =   0.04 sec
----------------------------------------------------------
Test Passed.
"sql_lexer_tests" end time: Apr 24 17:24 CEST
"sql_lexer_tests" time elapsed: 00:00:00
----------------------------------------------------------

3/4 Testing: sql_cli_tests
3/4 Test: sql_cli_tests
Command: "/home/study/coursework/dbms/build/tests/bin/dbms_cli_tests"
Directory: /home/study/coursework/dbms/build
"sql_cli_tests" start time: Apr 24 17:24 CEST
Output:
----------------------------------------------------------
Running main() from /home/study/coursework/dbms/build/_deps/googletest-src/googletest/src/gtest_main.cc
[==========] Running 7 tests from 1 test suite.
[----------] Global test environment set-up.
[----------] 7 tests from cliScriptTests
[ RUN      ] cliScriptTests.missingScriptFileReturnsNonZero
[       OK ] cliScriptTests.missingScriptFileReturnsNonZero (0 ms)
[ RUN      ] cliScriptTests.invalidArgcPrintsUsageAndReturnsNonZero
[       OK ] cliScriptTests.invalidArgcPrintsUsageAndReturnsNonZero (0 ms)
[ RUN      ] cliScriptTests.multilineScriptExecutesSuccessfully
[       OK ] cliScriptTests.multilineScriptExecutesSuccessfully (1 ms)
[ RUN      ] cliScriptTests.continuesAfterSqlErrorAndReturnsNonZero
[       OK ] cliScriptTests.continuesAfterSqlErrorAndReturnsNonZero (1 ms)
[ RUN      ] cliScriptTests.semicolonInsideStringIsNotStatementDelimiter
[       OK ] cliScriptTests.semicolonInsideStringIsNotStatementDelimiter (0 ms)
[ RUN      ] cliScriptTests.tailStatementWithoutFinalSemicolonFails
[       OK ] cliScriptTests.tailStatementWithoutFinalSemicolonFails (0 ms)
[ RUN      ] cliScriptTests.stressScriptWithManyStatementsStaysStable
[       OK ] cliScriptTests.stressScriptWithManyStatementsStaysStable (68 ms)
[----------] 7 tests from cliScriptTests (73 ms total)

[----------] Global test environment tear-down
[==========] 7 tests from 1 test suite ran. (73 ms total)
[  PASSED  ] 7 tests.
<end of output>
Test time =   0.08 sec
----------------------------------------------------------
Test Passed.
"sql_cli_tests" end time: Apr 24 17:24 CEST
"sql_cli_tests" time elapsed: 00:00:00
----------------------------------------------------------

4/4 Testing: all_tests
4/4 Test: all_tests
Command: "/home/study/coursework/dbms/build/tests/bin/dbms_all_tests"
Directory: /home/study/coursework/dbms/build
"all_tests" start time: Apr 24 17:24 CEST
Output:
----------------------------------------------------------
Running main() from /home/study/coursework/dbms/build/_deps/googletest-src/googletest/src/gtest_main.cc
[==========] Running 29 tests from 2 test suites.
[----------] Global test environment set-up.
[----------] 20 tests from tzPoint0Pass
[ RUN      ] tzPoint0Pass.SupportsIntAndStringDataTypes
[       OK ] tzPoint0Pass.SupportsIntAndStringDataTypes (1 ms)
[ RUN      ] tzPoint0Pass.SupportsDatabaseHierarchyAndContextSwitch
[       OK ] tzPoint0Pass.SupportsDatabaseHierarchyAndContextSwitch (1 ms)
[ RUN      ] tzPoint0Pass.BatchModeWorksWithScriptFile
[       OK ] tzPoint0Pass.BatchModeWorksWithScriptFile (0 ms)
[ RUN      ] tzPoint0Pass.InteractiveModeWorksForSingleLineCommands
[       OK ] tzPoint0Pass.InteractiveModeWorksForSingleLineCommands (1 ms)
[ RUN      ] tzPoint0Pass.WritesTableAndIndexFilesToFilesystem
[       OK ] tzPoint0Pass.WritesTableAndIndexFilesToFilesystem (0 ms)
[ RUN      ] tzPoint0Pass.NotNullAndDefaultNullableRulesWork
[       OK ] tzPoint0Pass.NotNullAndDefaultNullableRulesWork (0 ms)
[ RUN      ] tzPoint0Pass.IndexedConstraintIsUniqueAndNotNull
[       OK ] tzPoint0Pass.IndexedConstraintIsUniqueAndNotNull (0 ms)
[ RUN      ] tzPoint0Pass.ColumnTypeValidationWorks
[       OK ] tzPoint0Pass.ColumnTypeValidationWorks (0 ms)
[ RUN      ] tzPoint0Pass.UsesIndexForIndexedCondition
[       OK ] tzPoint0Pass.UsesIndexForIndexedCondition (0 ms)
[ RUN      ] tzPoint0Pass.IndexStoresRidReferencingTableRecord
[       OK ] tzPoint0Pass.IndexStoresRidReferencingTableRecord (0 ms)
[ RUN      ] tzPoint0Pass.SyntaxAndSemanticErrorsAreInformative
[       OK ] tzPoint0Pass.SyntaxAndSemanticErrorsAreInformative (0 ms)
[ RUN      ] tzPoint0Pass.SelectResultIsJsonArray
[       OK ] tzPoint0Pass.SelectResultIsJsonArray (0 ms)
[ RUN      ] tzPoint0Pass.InvalidQueriesDoNotCrashProcess
[       OK ] tzPoint0Pass.InvalidQueriesDoNotCrashProcess (0 ms)
[ RUN      ] tzPoint0Pass.KeywordsAreCaseInsensitive
[       OK ] tzPoint0Pass.KeywordsAreCaseInsensitive (0 ms)
[ RUN      ] tzPoint0Pass.IdentifierRulesWorkForAllowedAndForbiddenNames
[       OK ] tzPoint0Pass.IdentifierRulesWorkForAllowedAndForbiddenNames (0 ms)
[ RUN      ] tzPoint0Pass.InsertOmittedNullableColumnsBecomeNull
[       OK ] tzPoint0Pass.InsertOmittedNullableColumnsBecomeNull (0 ms)
[ RUN      ] tzPoint0Pass.UpdateDeleteAndSelectAliasWork
[       OK ] tzPoint0Pass.UpdateDeleteAndSelectAliasWork (1 ms)
[ RUN      ] tzPoint0Pass.ComparisonOperatorsWork
[       OK ] tzPoint0Pass.ComparisonOperatorsWork (1 ms)
[ RUN      ] tzPoint0Pass.StringComparisonIsLexicographic
[       OK ] tzPoint0Pass.StringComparisonIsLexicographic (1 ms)
[ RUN      ] tzPoint0Pass.ConditionSupportsLiteralOnEitherSideAndColumnVsColumn
[       OK ] tzPoint0Pass.ConditionSupportsLiteralOnEitherSideAndColumnVsColumn (1 ms)
[----------] 20 tests from tzPoint0Pass (18 ms total)

[----------] 9 tests from tzPoint0SpecGaps
[ RUN      ] tzPoint0SpecGaps.InteractiveModeShouldSupportMultilineStatementsBySemicolon
[       OK ] tzPoint0SpecGaps.InteractiveModeShouldSupportMultilineStatementsBySemicolon (0 ms)
[ RUN      ] tzPoint0SpecGaps.DataShouldSurviveRestartWithSameDataRoot
[       OK ] tzPoint0SpecGaps.DataShouldSurviveRestartWithSameDataRoot (0 ms)
[ RUN      ] tzPoint0SpecGaps.IndexedColumnShouldCreateIndexAtTableCreationTime
[       OK ] tzPoint0SpecGaps.IndexedColumnShouldCreateIndexAtTableCreationTime (0 ms)
[ RUN      ] tzPoint0SpecGaps.MixedCaseKeywordInOneWordShouldBeRejected
[       OK ] tzPoint0SpecGaps.MixedCaseKeywordInOneWordShouldBeRejected (0 ms)
[ RUN      ] tzPoint0SpecGaps.SingleQuotedStringsShouldBeRejected
[       OK ] tzPoint0SpecGaps.SingleQuotedStringsShouldBeRejected (0 ms)
[ RUN      ] tzPoint0SpecGaps.QualifiedDatabaseDotTableAccessShouldWork
[       OK ] tzPoint0SpecGaps.QualifiedDatabaseDotTableAccessShouldWork (0 ms)
[ RUN      ] tzPoint0SpecGaps.BetweenConditionShouldWorkAsHalfOpenInterval
[       OK ] tzPoint0SpecGaps.BetweenConditionShouldWorkAsHalfOpenInterval (1 ms)
[ RUN      ] tzPoint0SpecGaps.LikeConditionShouldSupportRegexPattern
[       OK ] tzPoint0SpecGaps.LikeConditionShouldSupportRegexPattern (1 ms)
[ RUN      ] tzPoint0SpecGaps.CommandsShouldRequireSemicolonTerminator
[       OK ] tzPoint0SpecGaps.CommandsShouldRequireSemicolonTerminator (0 ms)
[----------] 9 tests from tzPoint0SpecGaps (5 ms total)

[----------] Global test environment tear-down
[==========] 29 tests from 2 test suites ran. (24 ms total)
[  PASSED  ] 29 tests.
<end of output>
Test time =   0.03 sec
----------------------------------------------------------
Test Passed.
"all_tests" end time: Apr 24 17:24 CEST
"all_tests" time elapsed: 00:00:00
----------------------------------------------------------

End testing: Apr 24 17:24 CEST
